2008-05-27T13:51:04 Checking update-file '/usr/lib/kde4/share/kde4/apps/kconf_update/socks.upd' for new updates
2008-05-27T13:51:04 socks.upd: Found new update 'kde3.0/r1'
2008-05-27T13:51:04 socks.upd: File 'ksocksrc' does not exist or empty, skipping
2008-05-27T13:51:04 Checking update-file '/usr/lib/kde4/share/kde4/apps/kconf_update/kuriikwsfilter.upd' for new updates
2008-05-27T13:51:04 kuriikwsfilter.upd: Found new update 'post-kde3.1/cvs'
2008-05-27T13:51:04 kuriikwsfilter.upd: File 'kuriikwsfilterrc' does not exist or empty, skipping
2008-05-27T13:51:04 Checking update-file '/usr/lib/kde4/share/kde4/apps/kconf_update/kded.upd' for new updates
2008-05-27T13:51:04 kded.upd: Found new update 'kde3.0'
2008-05-27T13:51:04 kded.upd: File 'kdedrc' does not exist or empty, skipping
2008-05-27T13:51:04 Checking update-file '/usr/lib/kde4/share/kde4/apps/kconf_update/kioslave.upd' for new updates
2008-05-27T13:51:04 kioslave.upd: Found new update 'kde2.2/r1'
2008-05-27T13:51:04 kioslave.upd: File 'kioslaverc' does not exist or empty, skipping
2008-05-27T13:51:04 kioslave.upd: Skipping update 'kde2.2/r1'
2008-05-27T13:51:04 kioslave.upd: File 'kioslaverc' does not exist or empty, skipping
2008-05-27T13:51:04 kioslave.upd: Found new update 'kde2.2/r2'
2008-05-27T13:51:04 kioslave.upd: File 'kioslaverc' does not exist or empty, skipping
2008-05-27T13:51:04 kioslave.upd: Found new update 'kde2.2/r3'
2008-05-27T13:51:04 kioslave.upd: File 'kioslaverc' does not exist or empty, skipping
2008-05-27T13:51:04 Checking update-file '/usr/lib/kde4/share/kde4/apps/kconf_update/kwin_on_off.upd' for new updates
2008-05-27T13:51:04 kwin_on_off.upd: Found new update 'kwin_on_off'
2008-05-27T13:51:04 kwin_on_off.upd: File 'kwinrc' does not exist or empty, skipping
2008-05-27T13:51:04 Checking update-file '/usr/lib/kde4/share/kde4/apps/kconf_update/ksmserver.upd' for new updates
2008-05-27T13:51:04 ksmserver.upd: Found new update 'kde3'
2008-05-27T13:51:04 ksmserver.upd: File 'ksmserverrc' does not exist or empty, skipping
2008-05-27T13:51:04 Checking update-file '/usr/lib/kde4/share/kde4/apps/kconf_update/kwiniconify.upd' for new updates
2008-05-27T13:51:04 kwiniconify.upd: Found new update 'iconifyupd3.1'
2008-05-27T13:51:04 kwiniconify.upd: File 'kwin.eventsrc' does not exist or empty, skipping
2008-05-27T13:51:04 Checking update-file '/usr/lib/kde4/share/kde4/apps/kconf_update/kwinupdatewindowsettings.upd' for new updates
2008-05-27T13:51:04 kwinupdatewindowsettings.upd: Found new update 'kde33b1'
2008-05-27T13:51:04 kwinupdatewindowsettings.upd: Running script 'kwin_update_window_settings'
2008-05-27T13:51:04 Checking update-file '/usr/lib/kde4/share/kde4/apps/kconf_update/kwinsticky.upd' for new updates
2008-05-27T13:51:04 kwinsticky.upd: Found new update 'stickyupd3.1'
2008-05-27T13:51:04 kwinsticky.upd: File 'kwin.eventsrc' does not exist or empty, skipping
2008-05-27T13:51:04 Checking update-file '/usr/lib/kde4/share/kde4/apps/kconf_update/khotkeys_32b1_update.upd' for new updates
2008-05-27T13:51:04 khotkeys_32b1_update.upd: Found new update 'kde32b1'
2008-05-27T13:51:04 khotkeys_32b1_update.upd: Running script 'khotkeys_update' with arguments '--id kde32b1'
2008-05-27T13:51:04 Checking update-file '/usr/lib/kde4/share/kde4/apps/kconf_update/khotkeys_printscreen.upd' for new updates
2008-05-27T13:51:04 khotkeys_printscreen.upd: Found new update 'printscreen'
2008-05-27T13:51:04 khotkeys_printscreen.upd: Running script 'khotkeys_update' with arguments '--id printscreen'
2008-05-27T13:51:04 [Script] khotkeys_update(6166) KShortcut::KShortcut: unusable primary shortcut sequence  "" 
2008-05-27T13:51:04 Checking update-file '/usr/lib/kde4/share/kde4/apps/kconf_update/konqueror_gestures_kde321_update.upd' for new updates
2008-05-27T13:51:04 konqueror_gestures_kde321_update.upd: Found new update 'kde321'
2008-05-27T13:51:04 konqueror_gestures_kde321_update.upd: Running script 'khotkeys_update' with arguments '--id konqueror_gestures_kde321'
2008-05-27T13:51:04 [Script] khotkeys_update(6168) KShortcut::KShortcut: unusable primary shortcut sequence  "" 
2008-05-27T13:51:04 Checking update-file '/usr/lib/kde4/share/kde4/apps/kconf_update/favicons.upd' for new updates
2008-05-27T13:51:04 favicons.upd: Found new update 'kde3_2'
2008-05-27T13:51:04 favicons.upd: Running script 'move_favicons.sh'
2008-05-27T13:51:04 Checking update-file '/usr/lib/kde4/share/kde4/apps/kconf_update/kaccel.upd' for new updates
2008-05-27T13:51:04 kaccel.upd: Found new update 'kde3.3/r1'
2008-05-27T13:51:04 kaccel.upd: File 'kdeglobals' does not exist or empty, skipping
2008-05-27T13:51:04 Checking update-file '/usr/lib/kde4/share/kde4/apps/kconf_update/kcookiescfg.upd' for new updates
2008-05-27T13:51:04 kcookiescfg.upd: Found new update 'kde2.2/b1'
2008-05-27T13:51:04 kcookiescfg.upd: File 'kcookiejarrc' does not exist or empty, skipping
2008-05-27T13:51:04 kcookiescfg.upd: Found new update 'kde3.1/cvs'
2008-05-27T13:51:04 kcookiescfg.upd: File 'kcookiejarrc' does not exist or empty, skipping
2008-05-27T13:51:04 Checking update-file '/usr/lib/kde4/share/kde4/apps/kconf_update/kfmclient_3_2.upd' for new updates
2008-05-27T13:51:04 kfmclient_3_2.upd: Found new update 'kfmclient_3_2'
2008-05-27T13:51:04 kfmclient_3_2.upd: File 'kfmclientrc' does not exist or empty, skipping
2008-05-27T13:51:04 Checking update-file '/usr/lib/kde4/share/kde4/apps/kconf_update/kwin3_plugin.upd' for new updates
2008-05-27T13:51:04 kwin3_plugin.upd: Found new update 'kde3.2'
2008-05-27T13:51:04 kwin3_plugin.upd: File 'kwinrc' does not exist or empty, skipping
2008-05-27T13:51:04 Checking update-file '/usr/lib/kde4/share/kde4/apps/kconf_update/kwin_focus2.upd' for new updates
2008-05-27T13:51:04 kwin_focus2.upd: Found new update 'kwin_focus2'
2008-05-27T13:51:04 kwin_focus2.upd: File 'kwinrc' does not exist or empty, skipping
2008-05-27T13:51:04 Checking update-file '/usr/lib/kde4/share/kde4/apps/kconf_update/konqsidebartng.upd' for new updates
2008-05-27T13:51:04 konqsidebartng.upd: Found new update 'konqsidebartng_rc'
2008-05-27T13:51:04 konqsidebartng.upd: Found new update 'konqsidebartng_entries'
2008-05-27T13:51:04 konqsidebartng.upd: Running script 'move_konqsidebartng_entries.sh'
2008-05-27T13:51:04 Checking update-file '/usr/lib/kde4/share/kde4/apps/kconf_update/kcmdisplayrc.upd' for new updates
2008-05-27T13:51:04 kcmdisplayrc.upd: Found new update 'kde3'
2008-05-27T13:51:04 kcmdisplayrc.upd: File 'kcmdisplayrc' does not exist or empty, skipping
2008-05-27T13:51:04 Checking update-file '/usr/lib/kde4/share/kde4/apps/kconf_update/kio_help.upd' for new updates
2008-05-27T13:51:04 kio_help.upd: Found new update 'kde3_2'
2008-05-27T13:51:04 kio_help.upd: Running script 'move_kio_help_cache.sh'
2008-05-27T13:51:04 [Script] mv: cannot stat `/home/cartman/.kde4/share/apps/kio_help/cache': No such file or directory
2008-05-27T13:51:04 [Script] rmdir: failed to remove `/home/cartman/.kde4/share/apps/kio_help': No such file or directory
2008-05-27T13:51:04 Checking update-file '/usr/lib/kde4/share/kde4/apps/kconf_update/kwin_focus1.upd' for new updates
2008-05-27T13:51:04 kwin_focus1.upd: Found new update 'kwin_focus1'
2008-05-27T13:51:04 kwin_focus1.upd: File 'kwinrc' does not exist or empty, skipping
2008-05-27T13:51:04 Checking update-file '/usr/lib/kde4/share/kde4/apps/kconf_update/kwin_fsp_workarounds_1.upd' for new updates
2008-05-27T13:51:04 kwin_fsp_workarounds_1.upd: Found new update 'kde351'
2008-05-27T13:51:04 kwin_fsp_workarounds_1.upd: Running script 'kwin_update_default_rules' with arguments 'fsp_workarounds_1.kwinrules'
2008-05-27T13:51:04 Checking update-file '/usr/lib/kde4/share/kde4/apps/kconf_update/kwin.upd' for new updates
2008-05-27T13:51:04 kwin.upd: Found new update 'kde3.0r1'
2008-05-27T13:51:04 kwin.upd: File 'kwinrc' does not exist or empty, skipping
2008-05-27T13:51:04 kwin.upd: Found new update 'kde3.2Xinerama'
2008-05-27T13:51:04 kwin.upd: File 'kwinrc' does not exist or empty, skipping
2008-05-27T13:51:04 Checking update-file '/usr/lib/kde4/share/kde4/apps/kconf_update/mouse_cursor_theme.upd' for new updates
2008-05-27T13:51:04 mouse_cursor_theme.upd: Found new update 'kde3.4.99'
2008-05-27T13:51:04 mouse_cursor_theme.upd: File 'kdeglobals' does not exist or empty, skipping
2008-05-27T14:29:06 Checking update-file '/usr/lib/kde4/share/kde4/apps/kconf_update/audiocd.upd' for new updates
2008-05-27T14:29:06 audiocd.upd: Found new update '1'
2008-05-27T14:29:06 audiocd.upd: File 'kcmaudiocdrc' does not exist or empty, skipping
2008-05-27T14:29:06 Checking update-file '/usr/lib/kde4/share/kde4/apps/kconf_update/kcmcddb-emailsettings.upd' for new updates
2008-05-27T14:29:06 kcmcddb-emailsettings.upd: Found new update 'kcmcddb_emailsettings'
2008-05-27T14:29:06 kcmcddb-emailsettings.upd: File 'kcmcddbrc' does not exist or empty, skipping
2008-05-27T14:30:16 Checking update-file '/usr/lib/kde4/share/kde4/apps/kconf_update/mailtransports.upd' for new updates
2008-05-27T14:30:16 mailtransports.upd: Found new update 'initial-kmail-migration'
2008-05-27T14:30:16 mailtransports.upd: File 'kmailrc' does not exist or empty, skipping
2008-05-27T14:30:16 mailtransports.upd: Found new update 'initial-knode-migration'
2008-05-27T14:30:16 mailtransports.upd: File 'knoderc' does not exist or empty, skipping
2008-05-27T14:30:17 Checking update-file '/usr/lib/kde4/share/kde4/apps/kconf_update/kopete-pluginloader2.upd' for new updates
2008-05-27T14:30:17 kopete-pluginloader2.upd: Found new update 'kopete0.8/r1'
2008-05-27T14:30:17 kopete-pluginloader2.upd: Running script 'kopete-pluginloader2.sh'
2008-05-27T14:30:17 [Script] /usr/lib/kde4/share/kde4/apps/kconf_update/kopete-pluginloader2.sh: 9: kde-config: not found
2008-05-27T14:30:17 Checking update-file '/usr/lib/kde4/share/kde4/apps/kconf_update/kopete-account-kconf_update.upd' for new updates
2008-05-27T14:30:17 kopete-account-kconf_update.upd: Found new update 'kopete0.7/r1'
2008-05-27T14:30:17 kopete-account-kconf_update.upd: Running script 'kopete-account-kconf_update.sh'
2008-05-27T14:30:17 [Script] /usr/lib/kde4/share/kde4/apps/kconf_update/kopete-account-kconf_update.sh: 9: kde-config: not found
2008-05-27T14:30:17 kopete-account-kconf_update.upd: Found new update 'kopete0.10/r1'
2008-05-27T14:30:17 kopete-account-kconf_update.upd: Running script 'kopete-account-0.10.pl'
2008-05-27T14:30:17 Checking update-file '/usr/lib/kde4/share/kde4/apps/kconf_update/kopete-jabberproxytype-kconf_update.upd' for new updates
2008-05-27T14:30:17 kopete-jabberproxytype-kconf_update.upd: Found new update 'kopete0.9/r1'
2008-05-27T14:30:17 kopete-jabberproxytype-kconf_update.upd: Running script 'kopete-jabberproxytype-kconf_update.sh'
2008-05-27T14:30:17 kopete-jabberproxytype-kconf_update.upd: Skipping kopeterc:KopeteChatWindowGroupMode:Height 1024, already exists.
2008-05-27T14:30:17 kopete-jabberproxytype-kconf_update.upd: Skipping kopeterc:KopeteChatWindowGroupMode:Height 1050, already exists.
2008-05-27T14:30:17 kopete-jabberproxytype-kconf_update.upd: Skipping kopeterc:KopeteChatWindowGroupMode:Height 1200, already exists.
2008-05-27T14:30:17 kopete-jabberproxytype-kconf_update.upd: Skipping kopeterc:KopeteChatWindowGroupMode:Height 480, already exists.
2008-05-27T14:30:17 kopete-jabberproxytype-kconf_update.upd: Skipping kopeterc:KopeteChatWindowGroupMode:Height 600, already exists.
2008-05-27T14:30:17 kopete-jabberproxytype-kconf_update.upd: Skipping kopeterc:KopeteChatWindowGroupMode:Height 768, already exists.
2008-05-27T14:30:17 kopete-jabberproxytype-kconf_update.upd: Skipping kopeterc:KopeteChatWindowGroupMode:Height 800, already exists.
2008-05-27T14:30:17 kopete-jabberproxytype-kconf_update.upd: Skipping kopeterc:KopeteChatWindowGroupMode:Width 1024, already exists.
2008-05-27T14:30:17 kopete-jabberproxytype-kconf_update.upd: Skipping kopeterc:KopeteChatWindowGroupMode:Width 1280, already exists.
2008-05-27T14:30:17 kopete-jabberproxytype-kconf_update.upd: Skipping kopeterc:KopeteChatWindowGroupMode:Width 1400, already exists.
2008-05-27T14:30:17 kopete-jabberproxytype-kconf_update.upd: Skipping kopeterc:KopeteChatWindowGroupMode:Width 1450, already exists.
2008-05-27T14:30:17 kopete-jabberproxytype-kconf_update.upd: Skipping kopeterc:KopeteChatWindowGroupMode:Width 1600, already exists.
2008-05-27T14:30:17 kopete-jabberproxytype-kconf_update.upd: Skipping kopeterc:KopeteChatWindowGroupMode:Width 1900, already exists.
2008-05-27T14:30:17 kopete-jabberproxytype-kconf_update.upd: Skipping kopeterc:KopeteChatWindowGroupMode:Width 800, already exists.
2008-05-27T14:30:17 kopete-jabberproxytype-kconf_update.upd: Skipping kopeterc:KopeteChatWindowIndividualMode:Height 1024, already exists.
2008-05-27T14:30:17 kopete-jabberproxytype-kconf_update.upd: Skipping kopeterc:KopeteChatWindowIndividualMode:Height 1050, already exists.
2008-05-27T14:30:17 kopete-jabberproxytype-kconf_update.upd: Skipping kopeterc:KopeteChatWindowIndividualMode:Height 1200, already exists.
2008-05-27T14:30:17 kopete-jabberproxytype-kconf_update.upd: Skipping kopeterc:KopeteChatWindowIndividualMode:Height 480, already exists.
2008-05-27T14:30:17 kopete-jabberproxytype-kconf_update.upd: Skipping kopeterc:KopeteChatWindowIndividualMode:Height 600, already exists.
2008-05-27T14:30:17 kopete-jabberproxytype-kconf_update.upd: Skipping kopeterc:KopeteChatWindowIndividualMode:Height 768, already exists.
2008-05-27T14:30:17 kopete-jabberproxytype-kconf_update.upd: Skipping kopeterc:KopeteChatWindowIndividualMode:Height 800, already exists.
2008-05-27T14:30:17 kopete-jabberproxytype-kconf_update.upd: Skipping kopeterc:KopeteChatWindowIndividualMode:Width 1024, already exists.
2008-05-27T14:30:17 kopete-jabberproxytype-kconf_update.upd: Skipping kopeterc:KopeteChatWindowIndividualMode:Width 1280, already exists.
2008-05-27T14:30:17 kopete-jabberproxytype-kconf_update.upd: Skipping kopeterc:KopeteChatWindowIndividualMode:Width 1400, already exists.
2008-05-27T14:30:17 kopete-jabberproxytype-kconf_update.upd: Skipping kopeterc:KopeteChatWindowIndividualMode:Width 1450, already exists.
2008-05-27T14:30:17 kopete-jabberproxytype-kconf_update.upd: Skipping kopeterc:KopeteChatWindowIndividualMode:Width 1600, already exists.
2008-05-27T14:30:17 kopete-jabberproxytype-kconf_update.upd: Skipping kopeterc:KopeteChatWindowIndividualMode:Width 1900, already exists.
2008-05-27T14:30:17 kopete-jabberproxytype-kconf_update.upd: Skipping kopeterc:KopeteChatWindowIndividualMode:Width 800, already exists.
2008-05-27T14:30:17 Checking update-file '/usr/lib/kde4/share/kde4/apps/kconf_update/kopete-pluginloader.upd' for new updates
2008-05-27T14:30:17 kopete-pluginloader.upd: Found new update 'kopete0.7/r1'
2008-05-27T14:30:17 kopete-pluginloader.upd: Running script 'kopete-pluginloader.pl'
2008-05-27T14:30:17 kopete-pluginloader.upd: Script removes kopeterc::Modules
2008-05-27T14:30:17 Checking update-file '/usr/lib/kde4/share/kde4/apps/kconf_update/kopete-jabberpriorityaddition-kconf_update.upd' for new updates
2008-05-27T14:30:17 kopete-jabberpriorityaddition-kconf_update.upd: Found new update 'kopete0.9/r1'
2008-05-27T14:30:17 kopete-jabberpriorityaddition-kconf_update.upd: Running script 'kopete-jabberpriorityaddition-kconf_update.sh'
2008-05-27T14:30:17 kopete-jabberpriorityaddition-kconf_update.upd: Skipping kopeterc:KopeteChatWindowGroupMode:Height 1024, already exists.
2008-05-27T14:30:17 kopete-jabberpriorityaddition-kconf_update.upd: Skipping kopeterc:KopeteChatWindowGroupMode:Height 1050, already exists.
2008-05-27T14:30:17 kopete-jabberpriorityaddition-kconf_update.upd: Skipping kopeterc:KopeteChatWindowGroupMode:Height 1200, already exists.
2008-05-27T14:30:17 kopete-jabberpriorityaddition-kconf_update.upd: Skipping kopeterc:KopeteChatWindowGroupMode:Height 480, already exists.
2008-05-27T14:30:17 kopete-jabberpriorityaddition-kconf_update.upd: Skipping kopeterc:KopeteChatWindowGroupMode:Height 600, already exists.
2008-05-27T14:30:17 kopete-jabberpriorityaddition-kconf_update.upd: Skipping kopeterc:KopeteChatWindowGroupMode:Height 768, already exists.
2008-05-27T14:30:17 kopete-jabberpriorityaddition-kconf_update.upd: Skipping kopeterc:KopeteChatWindowGroupMode:Height 800, already exists.
2008-05-27T14:30:17 kopete-jabberpriorityaddition-kconf_update.upd: Skipping kopeterc:KopeteChatWindowGroupMode:Width 1024, already exists.
2008-05-27T14:30:17 kopete-jabberpriorityaddition-kconf_update.upd: Skipping kopeterc:KopeteChatWindowGroupMode:Width 1280, already exists.
2008-05-27T14:30:17 kopete-jabberpriorityaddition-kconf_update.upd: Skipping kopeterc:KopeteChatWindowGroupMode:Width 1400, already exists.
2008-05-27T14:30:17 kopete-jabberpriorityaddition-kconf_update.upd: Skipping kopeterc:KopeteChatWindowGroupMode:Width 1450, already exists.
2008-05-27T14:30:17 kopete-jabberpriorityaddition-kconf_update.upd: Skipping kopeterc:KopeteChatWindowGroupMode:Width 1600, already exists.
2008-05-27T14:30:17 kopete-jabberpriorityaddition-kconf_update.upd: Skipping kopeterc:KopeteChatWindowGroupMode:Width 1900, already exists.
2008-05-27T14:30:17 kopete-jabberpriorityaddition-kconf_update.upd: Skipping kopeterc:KopeteChatWindowGroupMode:Width 800, already exists.
2008-05-27T14:30:17 kopete-jabberpriorityaddition-kconf_update.upd: Skipping kopeterc:KopeteChatWindowIndividualMode:Height 1024, already exists.
2008-05-27T14:30:17 kopete-jabberpriorityaddition-kconf_update.upd: Skipping kopeterc:KopeteChatWindowIndividualMode:Height 1050, already exists.
2008-05-27T14:30:17 kopete-jabberpriorityaddition-kconf_update.upd: Skipping kopeterc:KopeteChatWindowIndividualMode:Height 1200, already exists.
2008-05-27T14:30:17 kopete-jabberpriorityaddition-kconf_update.upd: Skipping kopeterc:KopeteChatWindowIndividualMode:Height 480, already exists.
2008-05-27T14:30:17 kopete-jabberpriorityaddition-kconf_update.upd: Skipping kopeterc:KopeteChatWindowIndividualMode:Height 600, already exists.
2008-05-27T14:30:17 kopete-jabberpriorityaddition-kconf_update.upd: Skipping kopeterc:KopeteChatWindowIndividualMode:Height 768, already exists.
2008-05-27T14:30:17 kopete-jabberpriorityaddition-kconf_update.upd: Skipping kopeterc:KopeteChatWindowIndividualMode:Height 800, already exists.
2008-05-27T14:30:17 kopete-jabberpriorityaddition-kconf_update.upd: Skipping kopeterc:KopeteChatWindowIndividualMode:Width 1024, already exists.
2008-05-27T14:30:17 kopete-jabberpriorityaddition-kconf_update.upd: Skipping kopeterc:KopeteChatWindowIndividualMode:Width 1280, already exists.
2008-05-27T14:30:17 kopete-jabberpriorityaddition-kconf_update.upd: Skipping kopeterc:KopeteChatWindowIndividualMode:Width 1400, already exists.
2008-05-27T14:30:17 kopete-jabberpriorityaddition-kconf_update.upd: Skipping kopeterc:KopeteChatWindowIndividualMode:Width 1450, already exists.
2008-05-27T14:30:17 kopete-jabberpriorityaddition-kconf_update.upd: Skipping kopeterc:KopeteChatWindowIndividualMode:Width 1600, already exists.
2008-05-27T14:30:17 kopete-jabberpriorityaddition-kconf_update.upd: Skipping kopeterc:KopeteChatWindowIndividualMode:Width 1900, already exists.
2008-05-27T14:30:17 kopete-jabberpriorityaddition-kconf_update.upd: Skipping kopeterc:KopeteChatWindowIndividualMode:Width 800, already exists.
2008-05-27T14:30:17 Checking update-file '/usr/lib/kde4/share/kde4/apps/kconf_update/kopete-nameTracking.upd' for new updates
2008-05-27T14:30:17 kopete-nameTracking.upd: Found new update 'kopete0.9/r1'
2008-05-27T14:30:17 kopete-nameTracking.upd: !! Script 'kopete-nameTracking-kconf_update' not found in line 3 : 'Script=kopete-nameTracking-kconf_update'
2008-05-27T15:18:23 Checking update-file '/usr/lib/kde4/share/kde4/apps/kconf_update/mailtransports.upd' for new updates
2008-05-27T15:18:24 Checking update-file '/usr/lib/kde4/share/kde4/apps/kconf_update/kopete-pluginloader2.upd' for new updates
2008-05-27T15:18:24 Checking update-file '/usr/lib/kde4/share/kde4/apps/kconf_update/kopete-account-kconf_update.upd' for new updates
2008-05-27T15:18:24 Checking update-file '/usr/lib/kde4/share/kde4/apps/kconf_update/kopete-jabberproxytype-kconf_update.upd' for new updates
2008-05-27T15:18:24 Checking update-file '/usr/lib/kde4/share/kde4/apps/kconf_update/kopete-pluginloader.upd' for new updates
2008-05-27T15:18:24 Checking update-file '/usr/lib/kde4/share/kde4/apps/kconf_update/kopete-jabberpriorityaddition-kconf_update.upd' for new updates
2008-05-27T15:18:24 Checking update-file '/usr/lib/kde4/share/kde4/apps/kconf_update/kopete-nameTracking.upd' for new updates
2008-05-27T15:18:24 kopete-nameTracking.upd: Found new update 'kopete0.9/r1'
2008-05-27T15:18:24 kopete-nameTracking.upd: !! Script 'kopete-nameTracking-kconf_update' not found in line 3 : 'Script=kopete-nameTracking-kconf_update'
2008-05-28T07:53:02 Checking update-file '/usr/lib/kde4/share/kde4/apps/kconf_update/kded.upd' for new updates
2008-05-28T07:53:02 Checking update-file '/usr/lib/kde4/share/kde4/apps/kconf_update/kioslave.upd' for new updates
2008-05-28T07:53:02 kioslave.upd: Found new update 'kde2.2/r1'
2008-05-28T07:53:02 kioslave.upd: Skipping update 'kde2.2/r1'
2008-05-28T07:53:02 kioslave.upd: File 'kioslaverc' does not exist or empty, skipping
2008-05-28T07:53:02 Checking update-file '/usr/lib/kde4/share/kde4/apps/kconf_update/kcookiescfg.upd' for new updates
2008-05-28T07:53:02 Checking update-file '/usr/lib/kde4/share/kde4/apps/kconf_update/kio_help.upd' for new updates
